[2025-02-22T23:04:40.389+0100] {configuration.py:2112} INFO - Creating new FAB webserver config file in: /home/ohachi/data_pipeline_project/airflow/webserver_config.py
ERROR: You need to initialize the database. Please run `airflow db init`. Make sure the command is run using Airflow version 2.10.5.
  ____________       _____________
 ____    |__( )_________  __/__  /________      __
____  /| |_  /__  ___/_  /_ __  /_  __ \_ | /| / /
___  ___ |  / _  /   _  __/ _  / / /_/ /_ |/ |/ /
 _/_/  |_/_/  /_/    /_/    /_/  \____/____/|__/
[2025-02-22T23:04:44.684+0100] {executor_loader.py:258} INFO - Loaded executor: SequentialExecutor
[2025-02-22 23:04:45 +0100] [18555] [INFO] Starting gunicorn 23.0.0
[2025-02-22 23:04:45 +0100] [18555] [INFO] Listening at: http://[::]:8793 (18555)
[2025-02-22 23:04:45 +0100] [18555] [INFO] Using worker: sync
[2025-02-22T23:04:45.208+0100] {scheduler_job_runner.py:950} INFO - Starting the scheduler
[2025-02-22T23:04:45.209+0100] {scheduler_job_runner.py:957} INFO - Processing each file at most -1 times
[2025-02-22 23:04:45 +0100] [18556] [INFO] Booting worker with pid: 18556
[2025-02-22T23:04:45.221+0100] {manager.py:174} INFO - Launched DagFileProcessorManager with pid: 18558
[2025-02-22 23:04:45 +0100] [18557] [INFO] Booting worker with pid: 18557
[2025-02-22T23:04:45.228+0100] {scheduler_job_runner.py:1949} INFO - Adopting or resetting orphaned tasks for active dag runs
[2025-02-22T23:04:45.255+0100] {settings.py:63} INFO - Configured default timezone UTC
[2025-02-22T23:04:45.306+0100] {manager.py:406} WARNING - Because we cannot use more than 1 thread (parsing_processes = 2) when using sqlite. So we set parallelism to 1.
[2025-02-22T23:04:49.862+0100] {serve_logs.py:85} WARNING - The Authorization header is missing: Host: localhost:8793
Connection: keep-alive
Sec-Ch-Ua: "Not(A:Brand";v="99", "Google Chrome";v="133", "Chromium";v="133"
Sec-Ch-Ua-Mobile: ?0
Sec-Ch-Ua-Platform: "Windows"
Upgrade-Insecure-Requests: 1
User-Agent: Mozilla/5.0 (Windows NT 10.0; Win64; x64) AppleWebKit/537.36 (KHTML, like Gecko) Chrome/133.0.0.0 Safari/537.36
Accept: text/html,application/xhtml+xml,application/xml;q=0.9,image/avif,image/webp,image/apng,*/*;q=0.8,application/signed-exchange;v=b3;q=0.7
Sec-Fetch-Site: none
Sec-Fetch-Mode: navigate
Sec-Fetch-User: ?1
Sec-Fetch-Dest: document
Accept-Encoding: gzip, deflate, br, zstd
Accept-Language: fr-FR,fr;q=0.9,en-US;q=0.8,en;q=0.7,ar;q=0.6
Cookie: session=4be13ec8-202a-46cb-b32a-e9c0eb14c86b.CyaBu5r_P_DP8TWqtm_3cJHDB-s

.
[2025-02-22T23:04:50.126+0100] {serve_logs.py:85} WARNING - The Authorization header is missing: Host: localhost:8793
Connection: keep-alive
Sec-Ch-Ua-Platform: "Windows"
User-Agent: Mozilla/5.0 (Windows NT 10.0; Win64; x64) AppleWebKit/537.36 (KHTML, like Gecko) Chrome/133.0.0.0 Safari/537.36
Sec-Ch-Ua: "Not(A:Brand";v="99", "Google Chrome";v="133", "Chromium";v="133"
Sec-Ch-Ua-Mobile: ?0
Accept: image/avif,image/webp,image/apng,image/svg+xml,image/*,*/*;q=0.8
Sec-Fetch-Site: same-origin
Sec-Fetch-Mode: no-cors
Sec-Fetch-Dest: image
Referer: http://localhost:8793/
Accept-Encoding: gzip, deflate, br, zstd
Accept-Language: fr-FR,fr;q=0.9,en-US;q=0.8,en;q=0.7,ar;q=0.6
Cookie: session=4be13ec8-202a-46cb-b32a-e9c0eb14c86b.CyaBu5r_P_DP8TWqtm_3cJHDB-s

.
[2025-02-22T23:09:45.545+0100] {scheduler_job_runner.py:1949} INFO - Adopting or resetting orphaned tasks for active dag runs
ERROR: You need to initialize the database. Please run `airflow db init`. Make sure the command is run using Airflow version 2.10.5.
  ____________       _____________
 ____    |__( )_________  __/__  /________      __
____  /| |_  /__  ___/_  /_ __  /_  __ \_ | /| / /
___  ___ |  / _  /   _  __/ _  / / /_/ /_ |/ |/ /
 _/_/  |_/_/  /_/    /_/    /_/  \____/____/|__/
[2025-02-22T23:12:29.968+0100] {executor_loader.py:258} INFO - Loaded executor: SequentialExecutor
[2025-02-22 23:12:30 +0100] [20266] [INFO] Starting gunicorn 23.0.0
[2025-02-22 23:12:30 +0100] [20266] [ERROR] Connection in use: ('::', 8793)
[2025-02-22 23:12:30 +0100] [20266] [ERROR] connection to ('::', 8793) failed: [Errno 98] Address already in use
[2025-02-22T23:12:30.264+0100] {scheduler_job_runner.py:950} INFO - Starting the scheduler
[2025-02-22T23:12:30.266+0100] {scheduler_job_runner.py:957} INFO - Processing each file at most -1 times
[2025-02-22T23:12:30.277+0100] {manager.py:174} INFO - Launched DagFileProcessorManager with pid: 20267
[2025-02-22T23:12:30.283+0100] {scheduler_job_runner.py:1949} INFO - Adopting or resetting orphaned tasks for active dag runs
[2025-02-22T23:12:30.285+0100] {settings.py:63} INFO - Configured default timezone UTC
[2025-02-22T23:12:30.328+0100] {manager.py:406} WARNING - Because we cannot use more than 1 thread (parsing_processes = 2) when using sqlite. So we set parallelism to 1.
[2025-02-22 23:12:31 +0100] [20266] [ERROR] Connection in use: ('::', 8793)
[2025-02-22 23:12:31 +0100] [20266] [ERROR] connection to ('::', 8793) failed: [Errno 98] Address already in use
[2025-02-22 23:12:32 +0100] [20266] [ERROR] Connection in use: ('::', 8793)
[2025-02-22 23:12:32 +0100] [20266] [ERROR] connection to ('::', 8793) failed: [Errno 98] Address already in use
[2025-02-22 23:12:33 +0100] [20266] [ERROR] Connection in use: ('::', 8793)
[2025-02-22 23:12:33 +0100] [20266] [ERROR] connection to ('::', 8793) failed: [Errno 98] Address already in use
[2025-02-22 23:12:34 +0100] [20266] [ERROR] Connection in use: ('::', 8793)
[2025-02-22 23:12:34 +0100] [20266] [ERROR] connection to ('::', 8793) failed: [Errno 98] Address already in use
[2025-02-22 23:12:35 +0100] [20266] [ERROR] Can't connect to ('::', 8793)
[2025-02-22T23:14:45.820+0100] {scheduler_job_runner.py:1949} INFO - Adopting or resetting orphaned tasks for active dag runs
[2025-02-22T23:17:30.717+0100] {scheduler_job_runner.py:1949} INFO - Adopting or resetting orphaned tasks for active dag runs
[2025-02-22T23:19:46.087+0100] {scheduler_job_runner.py:1949} INFO - Adopting or resetting orphaned tasks for active dag runs
[2025-02-22T23:22:31.159+0100] {scheduler_job_runner.py:1949} INFO - Adopting or resetting orphaned tasks for active dag runs
[2025-02-22T23:24:46.152+0100] {scheduler_job_runner.py:1949} INFO - Adopting or resetting orphaned tasks for active dag runs
[2025-02-22T23:27:31.478+0100] {scheduler_job_runner.py:1949} INFO - Adopting or resetting orphaned tasks for active dag runs
[2025-02-22T23:29:46.345+0100] {scheduler_job_runner.py:1949} INFO - Adopting or resetting orphaned tasks for active dag runs
[2025-02-22T23:32:31.721+0100] {scheduler_job_runner.py:1949} INFO - Adopting or resetting orphaned tasks for active dag runs
[2025-02-22T23:34:46.453+0100] {scheduler_job_runner.py:1949} INFO - Adopting or resetting orphaned tasks for active dag runs
[2025-02-22T23:37:31.930+0100] {scheduler_job_runner.py:1949} INFO - Adopting or resetting orphaned tasks for active dag runs
[2025-02-22T23:39:46.779+0100] {scheduler_job_runner.py:1949} INFO - Adopting or resetting orphaned tasks for active dag runs
[2025-02-22T23:42:32.140+0100] {scheduler_job_runner.py:1949} INFO - Adopting or resetting orphaned tasks for active dag runs
[2025-02-22T23:44:46.804+0100] {scheduler_job_runner.py:1949} INFO - Adopting or resetting orphaned tasks for active dag runs
[2025-02-22T23:47:32.497+0100] {scheduler_job_runner.py:1949} INFO - Adopting or resetting orphaned tasks for active dag runs
[2025-02-22T23:49:46.910+0100] {scheduler_job_runner.py:1949} INFO - Adopting or resetting orphaned tasks for active dag runs
[2025-02-22T23:52:32.848+0100] {scheduler_job_runner.py:1949} INFO - Adopting or resetting orphaned tasks for active dag runs
[2025-02-22T23:54:47.207+0100] {scheduler_job_runner.py:1949} INFO - Adopting or resetting orphaned tasks for active dag runs
[2025-02-22T23:57:33.156+0100] {scheduler_job_runner.py:1949} INFO - Adopting or resetting orphaned tasks for active dag runs
[2025-02-22T23:59:47.490+0100] {scheduler_job_runner.py:1949} INFO - Adopting or resetting orphaned tasks for active dag runs
[2025-02-23T00:02:33.452+0100] {scheduler_job_runner.py:1949} INFO - Adopting or resetting orphaned tasks for active dag runs
[2025-02-23T00:04:47.666+0100] {scheduler_job_runner.py:1949} INFO - Adopting or resetting orphaned tasks for active dag runs
[2025-02-23T00:07:33.907+0100] {scheduler_job_runner.py:1949} INFO - Adopting or resetting orphaned tasks for active dag runs
[2025-02-23T00:09:47.972+0100] {scheduler_job_runner.py:1949} INFO - Adopting or resetting orphaned tasks for active dag runs
[2025-02-23T00:12:34.193+0100] {scheduler_job_runner.py:1949} INFO - Adopting or resetting orphaned tasks for active dag runs
[2025-02-23T00:14:48.202+0100] {scheduler_job_runner.py:1949} INFO - Adopting or resetting orphaned tasks for active dag runs
[2025-02-23T00:17:34.564+0100] {scheduler_job_runner.py:1949} INFO - Adopting or resetting orphaned tasks for active dag runs
[2025-02-23T01:17:55.909+0100] {job.py:229} INFO - Heartbeat recovered after 3604.06 seconds
[2025-02-23T01:17:56.238+0100] {job.py:229} INFO - Heartbeat recovered after 3601.99 seconds
[2025-02-23T09:26:54.559+0100] {job.py:229} INFO - Heartbeat recovered after 29338.35 seconds
[2025-02-23T09:26:54.709+0100] {job.py:229} INFO - Heartbeat recovered after 29338.87 seconds
[2025-02-23T09:28:44.145+0100] {scheduler_job_runner.py:1949} INFO - Adopting or resetting orphaned tasks for active dag runs
[2025-02-23T09:31:30.282+0100] {scheduler_job_runner.py:1949} INFO - Adopting or resetting orphaned tasks for active dag runs
[2025-02-23T09:33:44.329+0100] {scheduler_job_runner.py:1949} INFO - Adopting or resetting orphaned tasks for active dag runs
[2025-02-23T09:36:30.710+0100] {scheduler_job_runner.py:1949} INFO - Adopting or resetting orphaned tasks for active dag runs
[2025-02-23T09:38:44.642+0100] {scheduler_job_runner.py:1949} INFO - Adopting or resetting orphaned tasks for active dag runs
[2025-02-23T09:41:30.987+0100] {scheduler_job_runner.py:1949} INFO - Adopting or resetting orphaned tasks for active dag runs
[2025-02-23T09:43:45.736+0100] {scheduler_job_runner.py:1949} INFO - Adopting or resetting orphaned tasks for active dag runs
[2025-02-23T09:46:32.094+0100] {scheduler_job_runner.py:1949} INFO - Adopting or resetting orphaned tasks for active dag runs
[2025-02-23T09:48:46.503+0100] {scheduler_job_runner.py:1949} INFO - Adopting or resetting orphaned tasks for active dag runs
[2025-02-23T09:51:32.837+0100] {scheduler_job_runner.py:1949} INFO - Adopting or resetting orphaned tasks for active dag runs
[2025-02-23T09:53:46.653+0100] {scheduler_job_runner.py:1949} INFO - Adopting or resetting orphaned tasks for active dag runs
[2025-02-23T09:56:33.125+0100] {scheduler_job_runner.py:1949} INFO - Adopting or resetting orphaned tasks for active dag runs
[2025-02-23T09:58:46.665+0100] {scheduler_job_runner.py:1949} INFO - Adopting or resetting orphaned tasks for active dag runs
[2025-02-23T10:01:33.368+0100] {scheduler_job_runner.py:1949} INFO - Adopting or resetting orphaned tasks for active dag runs
[2025-02-23T10:03:46.979+0100] {scheduler_job_runner.py:1949} INFO - Adopting or resetting orphaned tasks for active dag runs
[2025-02-23T10:06:33.542+0100] {scheduler_job_runner.py:1949} INFO - Adopting or resetting orphaned tasks for active dag runs
[2025-02-23T10:08:47.177+0100] {scheduler_job_runner.py:1949} INFO - Adopting or resetting orphaned tasks for active dag runs
[2025-02-23T10:11:33.786+0100] {scheduler_job_runner.py:1949} INFO - Adopting or resetting orphaned tasks for active dag runs
[2025-02-23T10:13:47.451+0100] {scheduler_job_runner.py:1949} INFO - Adopting or resetting orphaned tasks for active dag runs
[2025-02-23T10:16:34.029+0100] {scheduler_job_runner.py:1949} INFO - Adopting or resetting orphaned tasks for active dag runs
[2025-02-23T10:18:47.603+0100] {scheduler_job_runner.py:1949} INFO - Adopting or resetting orphaned tasks for active dag runs
[2025-02-23T10:21:34.285+0100] {scheduler_job_runner.py:1949} INFO - Adopting or resetting orphaned tasks for active dag runs
[2025-02-23T10:23:47.696+0100] {scheduler_job_runner.py:1949} INFO - Adopting or resetting orphaned tasks for active dag runs
[2025-02-23T17:05:04.944+0100] {job.py:229} INFO - Heartbeat recovered after 23929.80 seconds
[2025-02-23T17:05:05.304+0100] {job.py:229} INFO - Heartbeat recovered after 23929.86 seconds
[2025-02-23T17:05:22.074+0100] {scheduler_job_runner.py:1949} INFO - Adopting or resetting orphaned tasks for active dag runs
[2025-02-23T17:07:39.909+0100] {scheduler_job_runner.py:1949} INFO - Adopting or resetting orphaned tasks for active dag runs
[2025-02-23T17:10:34.214+0100] {scheduler_job_runner.py:1949} INFO - Adopting or resetting orphaned tasks for active dag runs
ERROR: You need to initialize the database. Please run `airflow db init`. Make sure the command is run using Airflow version 2.10.5.
  ____________       _____________
 ____    |__( )_________  __/__  /________      __
____  /| |_  /__  ___/_  /_ __  /_  __ \_ | /| / /
___  ___ |  / _  /   _  __/ _  / / /_/ /_ |/ |/ /
 _/_/  |_/_/  /_/    /_/    /_/  \____/____/|__/
[2025-02-23T17:11:34.899+0100] {executor_loader.py:258} INFO - Loaded executor: SequentialExecutor
[2025-02-23 17:11:34 +0100] [55117] [INFO] Starting gunicorn 23.0.0
[2025-02-23 17:11:35 +0100] [55117] [ERROR] Connection in use: ('::', 8793)
[2025-02-23 17:11:35 +0100] [55117] [ERROR] connection to ('::', 8793) failed: [Errno 98] Address already in use
[2025-02-23T17:11:35.073+0100] {scheduler_job_runner.py:950} INFO - Starting the scheduler
[2025-02-23T17:11:35.076+0100] {scheduler_job_runner.py:957} INFO - Processing each file at most -1 times
[2025-02-23T17:11:35.088+0100] {manager.py:174} INFO - Launched DagFileProcessorManager with pid: 55118
[2025-02-23T17:11:35.091+0100] {scheduler_job_runner.py:1949} INFO - Adopting or resetting orphaned tasks for active dag runs
[2025-02-23T17:11:35.100+0100] {settings.py:63} INFO - Configured default timezone UTC
[2025-02-23T17:11:35.227+0100] {manager.py:406} WARNING - Because we cannot use more than 1 thread (parsing_processes = 2) when using sqlite. So we set parallelism to 1.
[2025-02-23 17:11:36 +0100] [55117] [ERROR] Connection in use: ('::', 8793)
[2025-02-23 17:11:36 +0100] [55117] [ERROR] connection to ('::', 8793) failed: [Errno 98] Address already in use
[2025-02-23 17:11:37 +0100] [55117] [ERROR] Connection in use: ('::', 8793)
[2025-02-23 17:11:37 +0100] [55117] [ERROR] connection to ('::', 8793) failed: [Errno 98] Address already in use
[2025-02-23 17:11:38 +0100] [55117] [ERROR] Connection in use: ('::', 8793)
[2025-02-23 17:11:38 +0100] [55117] [ERROR] connection to ('::', 8793) failed: [Errno 98] Address already in use
[2025-02-23 17:11:39 +0100] [55117] [ERROR] Connection in use: ('::', 8793)
[2025-02-23 17:11:39 +0100] [55117] [ERROR] connection to ('::', 8793) failed: [Errno 98] Address already in use
[2025-02-23 17:11:40 +0100] [55117] [ERROR] Can't connect to ('::', 8793)
[2025-02-23T17:12:52.577+0100] {scheduler_job_runner.py:1949} INFO - Adopting or resetting orphaned tasks for active dag runs
ERROR: You need to initialize the database. Please run `airflow db init`. Make sure the command is run using Airflow version 2.10.5.
  ____________       _____________
 ____    |__( )_________  __/__  /________      __
____  /| |_  /__  ___/_  /_ __  /_  __ \_ | /| / /
___  ___ |  / _  /   _  __/ _  / / /_/ /_ |/ |/ /
 _/_/  |_/_/  /_/    /_/    /_/  \____/____/|__/
[2025-02-23T17:13:41.445+0100] {executor_loader.py:258} INFO - Loaded executor: SequentialExecutor
[2025-02-23 17:13:42 +0100] [55976] [INFO] Starting gunicorn 23.0.0
[2025-02-23 17:13:42 +0100] [55976] [ERROR] Connection in use: ('::', 8793)
[2025-02-23 17:13:42 +0100] [55976] [ERROR] connection to ('::', 8793) failed: [Errno 98] Address already in use
[2025-02-23T17:13:43.192+0100] {scheduler_job_runner.py:950} INFO - Starting the scheduler
[2025-02-23T17:13:43.193+0100] {scheduler_job_runner.py:957} INFO - Processing each file at most -1 times
[2025-02-23T17:13:43.206+0100] {manager.py:174} INFO - Launched DagFileProcessorManager with pid: 55977
[2025-02-23T17:13:43.211+0100] {scheduler_job_runner.py:1949} INFO - Adopting or resetting orphaned tasks for active dag runs
[2025-02-23T17:13:43.249+0100] {settings.py:63} INFO - Configured default timezone UTC
[2025-02-23T17:13:43.574+0100] {manager.py:406} WARNING - Because we cannot use more than 1 thread (parsing_processes = 2) when using sqlite. So we set parallelism to 1.
[2025-02-23 17:13:43 +0100] [55976] [ERROR] Connection in use: ('::', 8793)
[2025-02-23 17:13:43 +0100] [55976] [ERROR] connection to ('::', 8793) failed: [Errno 98] Address already in use
[2025-02-23 17:13:44 +0100] [55976] [ERROR] Connection in use: ('::', 8793)
[2025-02-23 17:13:44 +0100] [55976] [ERROR] connection to ('::', 8793) failed: [Errno 98] Address already in use
[2025-02-23 17:13:45 +0100] [55976] [ERROR] Connection in use: ('::', 8793)
[2025-02-23 17:13:45 +0100] [55976] [ERROR] connection to ('::', 8793) failed: [Errno 98] Address already in use
[2025-02-23 17:13:46 +0100] [55976] [ERROR] Connection in use: ('::', 8793)
[2025-02-23 17:13:46 +0100] [55976] [ERROR] connection to ('::', 8793) failed: [Errno 98] Address already in use
[2025-02-23 17:13:47 +0100] [55976] [ERROR] Can't connect to ('::', 8793)
[2025-02-23T17:15:47.365+0100] {scheduler_job_runner.py:1949} INFO - Adopting or resetting orphaned tasks for active dag runs
[2025-02-23T17:16:48.270+0100] {scheduler_job_runner.py:1949} INFO - Adopting or resetting orphaned tasks for active dag runs
[2025-02-23T17:18:05.810+0100] {scheduler_job_runner.py:1949} INFO - Adopting or resetting orphaned tasks for active dag runs
[2025-02-23T17:18:56.946+0100] {scheduler_job_runner.py:1949} INFO - Adopting or resetting orphaned tasks for active dag runs
[2025-02-23T17:21:01.471+0100] {scheduler_job_runner.py:1949} INFO - Adopting or resetting orphaned tasks for active dag runs
[2025-02-23T17:22:00.920+0100] {scheduler_job_runner.py:1949} INFO - Adopting or resetting orphaned tasks for active dag runs
ERROR: You need to initialize the database. Please run `airflow db init`. Make sure the command is run using Airflow version 2.10.5.
  ____________       _____________
 ____    |__( )_________  __/__  /________      __
____  /| |_  /__  ___/_  /_ __  /_  __ \_ | /| / /
___  ___ |  / _  /   _  __/ _  / / /_/ /_ |/ |/ /
 _/_/  |_/_/  /_/    /_/    /_/  \____/____/|__/
[2025-02-23T17:22:44.918+0100] {executor_loader.py:258} INFO - Loaded executor: SequentialExecutor
[2025-02-23 17:22:45 +0100] [59023] [INFO] Starting gunicorn 23.0.0
[2025-02-23 17:22:45 +0100] [59023] [ERROR] Connection in use: ('::', 8793)
[2025-02-23 17:22:45 +0100] [59023] [ERROR] connection to ('::', 8793) failed: [Errno 98] Address already in use
[2025-02-23T17:22:45.162+0100] {scheduler_job_runner.py:950} INFO - Starting the scheduler
[2025-02-23T17:22:45.165+0100] {scheduler_job_runner.py:957} INFO - Processing each file at most -1 times
[2025-02-23T17:22:45.183+0100] {manager.py:174} INFO - Launched DagFileProcessorManager with pid: 59025
[2025-02-23T17:22:45.188+0100] {scheduler_job_runner.py:1949} INFO - Adopting or resetting orphaned tasks for active dag runs
[2025-02-23T17:22:45.205+0100] {settings.py:63} INFO - Configured default timezone UTC
[2025-02-23T17:22:45.266+0100] {manager.py:406} WARNING - Because we cannot use more than 1 thread (parsing_processes = 2) when using sqlite. So we set parallelism to 1.
[2025-02-23 17:22:46 +0100] [59023] [ERROR] Connection in use: ('::', 8793)
[2025-02-23 17:22:46 +0100] [59023] [ERROR] connection to ('::', 8793) failed: [Errno 98] Address already in use
[2025-02-23 17:22:47 +0100] [59023] [ERROR] Connection in use: ('::', 8793)
[2025-02-23 17:22:47 +0100] [59023] [ERROR] connection to ('::', 8793) failed: [Errno 98] Address already in use
[2025-02-23 17:22:48 +0100] [59023] [ERROR] Connection in use: ('::', 8793)
[2025-02-23 17:22:48 +0100] [59023] [ERROR] connection to ('::', 8793) failed: [Errno 98] Address already in use
[2025-02-23 17:22:49 +0100] [59023] [ERROR] Connection in use: ('::', 8793)
[2025-02-23 17:22:49 +0100] [59023] [ERROR] connection to ('::', 8793) failed: [Errno 98] Address already in use
[2025-02-23 17:22:50 +0100] [59023] [ERROR] Can't connect to ('::', 8793)
[2025-02-23T17:23:19.677+0100] {scheduler_job_runner.py:1949} INFO - Adopting or resetting orphaned tasks for active dag runs
[2025-02-23T17:24:09.367+0100] {scheduler_job_runner.py:1949} INFO - Adopting or resetting orphaned tasks for active dag runs
[2025-02-23T17:26:13.977+0100] {scheduler_job_runner.py:1949} INFO - Adopting or resetting orphaned tasks for active dag runs
[2025-02-23T17:27:15.088+0100] {scheduler_job_runner.py:1949} INFO - Adopting or resetting orphaned tasks for active dag runs
[2025-02-23T17:27:58.037+0100] {scheduler_job_runner.py:1949} INFO - Adopting or resetting orphaned tasks for active dag runs
[2025-02-23T17:28:32.318+0100] {scheduler_job_runner.py:1949} INFO - Adopting or resetting orphaned tasks for active dag runs
[2025-02-23T17:29:22.340+0100] {scheduler_job_runner.py:1949} INFO - Adopting or resetting orphaned tasks for active dag runs
[2025-02-23T17:31:29.284+0100] {scheduler_job_runner.py:1949} INFO - Adopting or resetting orphaned tasks for active dag runs
[2025-02-23T17:32:31.367+0100] {scheduler_job_runner.py:1949} INFO - Adopting or resetting orphaned tasks for active dag runs
[2025-02-23T17:33:14.911+0100] {scheduler_job_runner.py:1949} INFO - Adopting or resetting orphaned tasks for active dag runs
[2025-02-23T17:33:49.651+0100] {scheduler_job_runner.py:1949} INFO - Adopting or resetting orphaned tasks for active dag runs
[2025-02-23T17:34:41.858+0100] {scheduler_job_runner.py:1949} INFO - Adopting or resetting orphaned tasks for active dag runs
[2025-02-23T17:36:46.700+0100] {scheduler_job_runner.py:1949} INFO - Adopting or resetting orphaned tasks for active dag runs
[2025-02-23T17:37:48.678+0100] {scheduler_job_runner.py:1949} INFO - Adopting or resetting orphaned tasks for active dag runs
[2025-02-23T17:38:34.151+0100] {scheduler_job_runner.py:1949} INFO - Adopting or resetting orphaned tasks for active dag runs
[2025-02-23T17:39:08.634+0100] {scheduler_job_runner.py:1949} INFO - Adopting or resetting orphaned tasks for active dag runs
[2025-02-23T17:39:59.254+0100] {scheduler_job_runner.py:1949} INFO - Adopting or resetting orphaned tasks for active dag runs
[2025-02-23T17:42:05.830+0100] {scheduler_job_runner.py:1949} INFO - Adopting or resetting orphaned tasks for active dag runs
[2025-02-23T17:43:07.965+0100] {scheduler_job_runner.py:1949} INFO - Adopting or resetting orphaned tasks for active dag runs
[2025-02-23T17:43:51.116+0100] {scheduler_job_runner.py:1949} INFO - Adopting or resetting orphaned tasks for active dag runs
[2025-02-23T17:44:25.927+0100] {scheduler_job_runner.py:1949} INFO - Adopting or resetting orphaned tasks for active dag runs
[2025-02-23T17:45:16.401+0100] {scheduler_job_runner.py:1949} INFO - Adopting or resetting orphaned tasks for active dag runs
[2025-02-23T17:47:22.937+0100] {scheduler_job_runner.py:1949} INFO - Adopting or resetting orphaned tasks for active dag runs
[2025-02-23T17:48:25.172+0100] {scheduler_job_runner.py:1949} INFO - Adopting or resetting orphaned tasks for active dag runs
[2025-02-23T17:49:08.152+0100] {scheduler_job_runner.py:1949} INFO - Adopting or resetting orphaned tasks for active dag runs
[2025-02-23T17:49:42.991+0100] {scheduler_job_runner.py:1949} INFO - Adopting or resetting orphaned tasks for active dag runs
[2025-02-23T17:50:35.271+0100] {scheduler_job_runner.py:1949} INFO - Adopting or resetting orphaned tasks for active dag runs
[2025-02-23T17:52:40.339+0100] {scheduler_job_runner.py:1949} INFO - Adopting or resetting orphaned tasks for active dag runs
[2025-02-23T17:53:42.776+0100] {scheduler_job_runner.py:1949} INFO - Adopting or resetting orphaned tasks for active dag runs
[2025-02-23T17:54:26.106+0100] {scheduler_job_runner.py:1949} INFO - Adopting or resetting orphaned tasks for active dag runs
[2025-02-23T17:55:03.202+0100] {scheduler_job_runner.py:1949} INFO - Adopting or resetting orphaned tasks for active dag runs
[2025-02-23T17:55:53.371+0100] {scheduler_job_runner.py:1949} INFO - Adopting or resetting orphaned tasks for active dag runs
[2025-02-23T17:58:01.113+0100] {scheduler_job_runner.py:1949} INFO - Adopting or resetting orphaned tasks for active dag runs
[2025-02-23T17:59:03.307+0100] {scheduler_job_runner.py:1949} INFO - Adopting or resetting orphaned tasks for active dag runs
ERROR: You need to initialize the database. Please run `airflow db init`. Make sure the command is run using Airflow version 2.10.5.
  ____________       _____________
 ____    |__( )_________  __/__  /________      __
____  /| |_  /__  ___/_  /_ __  /_  __ \_ | /| / /
___  ___ |  / _  /   _  __/ _  / / /_/ /_ |/ |/ /
 _/_/  |_/_/  /_/    /_/    /_/  \____/____/|__/
[2025-02-23T17:59:09.935+0100] {executor_loader.py:258} INFO - Loaded executor: SequentialExecutor
[2025-02-23 17:59:10 +0100] [73921] [INFO] Starting gunicorn 23.0.0
[2025-02-23 17:59:10 +0100] [73921] [ERROR] Connection in use: ('::', 8793)
[2025-02-23 17:59:10 +0100] [73921] [ERROR] connection to ('::', 8793) failed: [Errno 98] Address already in use
[2025-02-23T17:59:10.119+0100] {scheduler_job_runner.py:950} INFO - Starting the scheduler
[2025-02-23T17:59:10.120+0100] {scheduler_job_runner.py:957} INFO - Processing each file at most -1 times
[2025-02-23T17:59:10.131+0100] {manager.py:174} INFO - Launched DagFileProcessorManager with pid: 73922
[2025-02-23T17:59:10.134+0100] {scheduler_job_runner.py:1949} INFO - Adopting or resetting orphaned tasks for active dag runs
[2025-02-23T17:59:10.138+0100] {settings.py:63} INFO - Configured default timezone UTC
[2025-02-23T17:59:10.177+0100] {manager.py:406} WARNING - Because we cannot use more than 1 thread (parsing_processes = 2) when using sqlite. So we set parallelism to 1.
[2025-02-23 17:59:11 +0100] [73921] [ERROR] Connection in use: ('::', 8793)
[2025-02-23 17:59:11 +0100] [73921] [ERROR] connection to ('::', 8793) failed: [Errno 98] Address already in use
[2025-02-23 17:59:12 +0100] [73921] [ERROR] Connection in use: ('::', 8793)
[2025-02-23 17:59:12 +0100] [73921] [ERROR] connection to ('::', 8793) failed: [Errno 98] Address already in use
[2025-02-23 17:59:13 +0100] [73921] [ERROR] Connection in use: ('::', 8793)
[2025-02-23 17:59:13 +0100] [73921] [ERROR] connection to ('::', 8793) failed: [Errno 98] Address already in use
[2025-02-23 17:59:14 +0100] [73921] [ERROR] Connection in use: ('::', 8793)
[2025-02-23 17:59:14 +0100] [73921] [ERROR] connection to ('::', 8793) failed: [Errno 98] Address already in use
[2025-02-23 17:59:15 +0100] [73921] [ERROR] Can't connect to ('::', 8793)
[2025-02-23T17:59:46.607+0100] {scheduler_job_runner.py:1949} INFO - Adopting or resetting orphaned tasks for active dag runs
[2025-02-23T17:59:51.872+0100] {configuration.py:2112} INFO - Creating new FAB webserver config file in: /home/ohachi/data_pipeline_project/airflow/webserver_config.py
ERROR: You need to initialize the database. Please run `airflow db init`. Make sure the command is run using Airflow version 2.10.5.
  ____________       _____________
 ____    |__( )_________  __/__  /________      __
____  /| |_  /__  ___/_  /_ __  /_  __ \_ | /| / /
___  ___ |  / _  /   _  __/ _  / / /_/ /_ |/ |/ /
 _/_/  |_/_/  /_/    /_/    /_/  \____/____/|__/
[2025-02-23T17:59:58.792+0100] {executor_loader.py:258} INFO - Loaded executor: SequentialExecutor
[2025-02-23 17:59:58 +0100] [74410] [INFO] Starting gunicorn 23.0.0
[2025-02-23 17:59:58 +0100] [74410] [ERROR] Connection in use: ('::', 8793)
[2025-02-23 17:59:58 +0100] [74410] [ERROR] connection to ('::', 8793) failed: [Errno 98] Address already in use
[2025-02-23T17:59:59.001+0100] {scheduler_job_runner.py:950} INFO - Starting the scheduler
[2025-02-23T17:59:59.002+0100] {scheduler_job_runner.py:957} INFO - Processing each file at most -1 times
[2025-02-23T17:59:59.018+0100] {manager.py:174} INFO - Launched DagFileProcessorManager with pid: 74411
[2025-02-23T17:59:59.022+0100] {scheduler_job_runner.py:1949} INFO - Adopting or resetting orphaned tasks for active dag runs
[2025-02-23T17:59:59.027+0100] {settings.py:63} INFO - Configured default timezone UTC
[2025-02-23T17:59:59.064+0100] {manager.py:406} WARNING - Because we cannot use more than 1 thread (parsing_processes = 2) when using sqlite. So we set parallelism to 1.
[2025-02-23 17:59:59 +0100] [74410] [ERROR] Connection in use: ('::', 8793)
[2025-02-23 17:59:59 +0100] [74410] [ERROR] connection to ('::', 8793) failed: [Errno 98] Address already in use
[2025-02-23 18:00:00 +0100] [74410] [ERROR] Connection in use: ('::', 8793)
[2025-02-23 18:00:00 +0100] [74410] [ERROR] connection to ('::', 8793) failed: [Errno 98] Address already in use
[2025-02-23 18:00:01 +0100] [74410] [ERROR] Connection in use: ('::', 8793)
[2025-02-23 18:00:01 +0100] [74410] [ERROR] connection to ('::', 8793) failed: [Errno 98] Address already in use
[2025-02-23 18:00:02 +0100] [74410] [ERROR] Connection in use: ('::', 8793)
[2025-02-23 18:00:02 +0100] [74410] [ERROR] connection to ('::', 8793) failed: [Errno 98] Address already in use
[2025-02-23 18:00:03 +0100] [74410] [ERROR] Can't connect to ('::', 8793)
[2025-02-23T18:00:21.566+0100] {scheduler_job_runner.py:1949} INFO - Adopting or resetting orphaned tasks for active dag runs
[2025-02-23T18:01:11.928+0100] {scheduler_job_runner.py:1949} INFO - Adopting or resetting orphaned tasks for active dag runs
[2025-02-23T18:02:40.553+0100] {configuration.py:2112} INFO - Creating new FAB webserver config file in: /home/ohachi/data_pipeline_project/airflow/webserver_config.py
ERROR: You need to initialize the database. Please run `airflow db init`. Make sure the command is run using Airflow version 2.10.5.
  ____________       _____________
 ____    |__( )_________  __/__  /________      __
____  /| |_  /__  ___/_  /_ __  /_  __ \_ | /| / /
___  ___ |  / _  /   _  __/ _  / / /_/ /_ |/ |/ /
 _/_/  |_/_/  /_/    /_/    /_/  \____/____/|__/
[2025-02-23T18:02:45.817+0100] {executor_loader.py:258} INFO - Loaded executor: SequentialExecutor
[2025-02-23 18:02:46 +0100] [75832] [INFO] Starting gunicorn 23.0.0
[2025-02-23 18:02:46 +0100] [75832] [ERROR] Connection in use: ('::', 8793)
[2025-02-23 18:02:46 +0100] [75832] [ERROR] connection to ('::', 8793) failed: [Errno 98] Address already in use
[2025-02-23T18:02:46.043+0100] {scheduler_job_runner.py:950} INFO - Starting the scheduler
[2025-02-23T18:02:46.045+0100] {scheduler_job_runner.py:957} INFO - Processing each file at most -1 times
[2025-02-23T18:02:46.064+0100] {manager.py:174} INFO - Launched DagFileProcessorManager with pid: 75835
[2025-02-23T18:02:46.068+0100] {scheduler_job_runner.py:1949} INFO - Adopting or resetting orphaned tasks for active dag runs
[2025-02-23T18:02:46.081+0100] {settings.py:63} INFO - Configured default timezone UTC
[2025-02-23T18:02:46.132+0100] {manager.py:406} WARNING - Because we cannot use more than 1 thread (parsing_processes = 2) when using sqlite. So we set parallelism to 1.
[2025-02-23 18:02:47 +0100] [75832] [ERROR] Connection in use: ('::', 8793)
[2025-02-23 18:02:47 +0100] [75832] [ERROR] connection to ('::', 8793) failed: [Errno 98] Address already in use
[2025-02-23 18:02:48 +0100] [75832] [ERROR] Connection in use: ('::', 8793)
[2025-02-23 18:02:48 +0100] [75832] [ERROR] connection to ('::', 8793) failed: [Errno 98] Address already in use
[2025-02-23 18:02:49 +0100] [75832] [ERROR] Connection in use: ('::', 8793)
[2025-02-23 18:02:49 +0100] [75832] [ERROR] connection to ('::', 8793) failed: [Errno 98] Address already in use
[2025-02-23 18:02:50 +0100] [75832] [ERROR] Connection in use: ('::', 8793)
[2025-02-23 18:02:50 +0100] [75832] [ERROR] connection to ('::', 8793) failed: [Errno 98] Address already in use
[2025-02-23 18:02:51 +0100] [75832] [ERROR] Can't connect to ('::', 8793)
[2025-02-23T18:03:18.642+0100] {scheduler_job_runner.py:1949} INFO - Adopting or resetting orphaned tasks for active dag runs
[2025-02-23T18:04:20.757+0100] {scheduler_job_runner.py:1949} INFO - Adopting or resetting orphaned tasks for active dag runs
[2025-02-23T18:04:27.350+0100] {scheduler_job_runner.py:1949} INFO - Adopting or resetting orphaned tasks for active dag runs
[2025-02-23T18:05:03.699+0100] {scheduler_job_runner.py:1949} INFO - Adopting or resetting orphaned tasks for active dag runs
[2025-02-23T18:05:16.184+0100] {scheduler_job_runner.py:1949} INFO - Adopting or resetting orphaned tasks for active dag runs
[2025-02-23T18:05:38.774+0100] {scheduler_job_runner.py:1949} INFO - Adopting or resetting orphaned tasks for active dag runs
[2025-02-23T18:06:30.529+0100] {scheduler_job_runner.py:1949} INFO - Adopting or resetting orphaned tasks for active dag runs
[2025-02-23T18:08:02.890+0100] {scheduler_job_runner.py:1949} INFO - Adopting or resetting orphaned tasks for active dag runs
[2025-02-23T18:08:35.393+0100] {scheduler_job_runner.py:1949} INFO - Adopting or resetting orphaned tasks for active dag runs
[2025-02-23T18:09:37.660+0100] {scheduler_job_runner.py:1949} INFO - Adopting or resetting orphaned tasks for active dag runs
[2025-02-23T18:09:44.525+0100] {scheduler_job_runner.py:1949} INFO - Adopting or resetting orphaned tasks for active dag runs
[2025-02-23T18:10:20.854+0100] {scheduler_job_runner.py:1949} INFO - Adopting or resetting orphaned tasks for active dag runs
[2025-02-23T18:10:35.231+0100] {scheduler_job_runner.py:1949} INFO - Adopting or resetting orphaned tasks for active dag runs
[2025-02-23T18:10:55.972+0100] {scheduler_job_runner.py:1949} INFO - Adopting or resetting orphaned tasks for active dag runs
[2025-02-23T18:11:47.597+0100] {scheduler_job_runner.py:1949} INFO - Adopting or resetting orphaned tasks for active dag runs
[2025-02-23T18:13:22.475+0100] {scheduler_job_runner.py:1949} INFO - Adopting or resetting orphaned tasks for active dag runs
[2025-02-23T18:13:54.997+0100] {scheduler_job_runner.py:1949} INFO - Adopting or resetting orphaned tasks for active dag runs
[2025-02-23T18:14:54.947+0100] {scheduler_job_runner.py:1949} INFO - Adopting or resetting orphaned tasks for active dag runs
[2025-02-23T18:15:04.037+0100] {scheduler_job_runner.py:1949} INFO - Adopting or resetting orphaned tasks for active dag runs
[2025-02-23T18:15:40.695+0100] {scheduler_job_runner.py:1949} INFO - Adopting or resetting orphaned tasks for active dag runs
[2025-02-23T18:15:53.161+0100] {scheduler_job_runner.py:1949} INFO - Adopting or resetting orphaned tasks for active dag runs
[2025-02-23T18:16:15.871+0100] {scheduler_job_runner.py:1949} INFO - Adopting or resetting orphaned tasks for active dag runs
[2025-02-23T18:17:05.535+0100] {scheduler_job_runner.py:1949} INFO - Adopting or resetting orphaned tasks for active dag runs
[2025-02-23T18:18:40.899+0100] {scheduler_job_runner.py:1949} INFO - Adopting or resetting orphaned tasks for active dag runs
[2025-02-23T18:19:13.486+0100] {scheduler_job_runner.py:1949} INFO - Adopting or resetting orphaned tasks for active dag runs
[2025-02-23T18:20:15.636+0100] {scheduler_job_runner.py:1949} INFO - Adopting or resetting orphaned tasks for active dag runs
[2025-02-23T18:20:22.926+0100] {scheduler_job_runner.py:1949} INFO - Adopting or resetting orphaned tasks for active dag runs
[2025-02-23T18:20:59.897+0100] {scheduler_job_runner.py:1949} INFO - Adopting or resetting orphaned tasks for active dag runs
[2025-02-23T18:21:03.366+0100] {configuration.py:2112} INFO - Creating new FAB webserver config file in: /home/ohachi/data_pipeline_project/airflow/webserver_config.py
ERROR: You need to initialize the database. Please run `airflow db init`. Make sure the command is run using Airflow version 2.10.5.
  ____________       _____________
 ____    |__( )_________  __/__  /________      __
____  /| |_  /__  ___/_  /_ __  /_  __ \_ | /| / /
___  ___ |  / _  /   _  __/ _  / / /_/ /_ |/ |/ /
 _/_/  |_/_/  /_/    /_/    /_/  \____/____/|__/
[2025-02-23T18:21:09.789+0100] {executor_loader.py:258} INFO - Loaded executor: SequentialExecutor
[2025-02-23 18:21:10 +0100] [85723] [INFO] Starting gunicorn 23.0.0
[2025-02-23 18:21:10 +0100] [85723] [ERROR] Connection in use: ('::', 8793)
[2025-02-23 18:21:10 +0100] [85723] [ERROR] connection to ('::', 8793) failed: [Errno 98] Address already in use
[2025-02-23T18:21:10.271+0100] {scheduler_job_runner.py:950} INFO - Starting the scheduler
[2025-02-23T18:21:10.273+0100] {scheduler_job_runner.py:957} INFO - Processing each file at most -1 times
[2025-02-23T18:21:10.321+0100] {manager.py:174} INFO - Launched DagFileProcessorManager with pid: 85725
[2025-02-23T18:21:10.327+0100] {scheduler_job_runner.py:1949} INFO - Adopting or resetting orphaned tasks for active dag runs
[2025-02-23T18:21:10.342+0100] {settings.py:63} INFO - Configured default timezone UTC
[2025-02-23T18:21:10.574+0100] {manager.py:406} WARNING - Because we cannot use more than 1 thread (parsing_processes = 2) when using sqlite. So we set parallelism to 1.
[2025-02-23 18:21:11 +0100] [85723] [ERROR] Connection in use: ('::', 8793)
[2025-02-23 18:21:11 +0100] [85723] [ERROR] connection to ('::', 8793) failed: [Errno 98] Address already in use
[2025-02-23 18:21:12 +0100] [85723] [ERROR] Connection in use: ('::', 8793)
[2025-02-23 18:21:12 +0100] [85723] [ERROR] connection to ('::', 8793) failed: [Errno 98] Address already in use
[2025-02-23T18:21:12.204+0100] {scheduler_job_runner.py:1949} INFO - Adopting or resetting orphaned tasks for active dag runs
[2025-02-23 18:21:13 +0100] [85723] [ERROR] Connection in use: ('::', 8793)
[2025-02-23 18:21:13 +0100] [85723] [ERROR] connection to ('::', 8793) failed: [Errno 98] Address already in use
[2025-02-23 18:21:16 +0100] [85723] [ERROR] Connection in use: ('::', 8793)
[2025-02-23 18:21:16 +0100] [85723] [ERROR] connection to ('::', 8793) failed: [Errno 98] Address already in use
[2025-02-23 18:21:17 +0100] [85723] [ERROR] Can't connect to ('::', 8793)
[2025-02-23T18:21:34.672+0100] {scheduler_job_runner.py:1949} INFO - Adopting or resetting orphaned tasks for active dag runs
[2025-02-23T18:22:26.272+0100] {scheduler_job_runner.py:1949} INFO - Adopting or resetting orphaned tasks for active dag runs
[2025-02-23T18:23:59.639+0100] {scheduler_job_runner.py:1949} INFO - Adopting or resetting orphaned tasks for active dag runs
[2025-02-23T18:24:32.051+0100] {scheduler_job_runner.py:1949} INFO - Adopting or resetting orphaned tasks for active dag runs
[2025-02-23T18:24:54.833+0100] {scheduler_job_runner.py:272} INFO - Exiting gracefully upon receiving signal 15
[2025-02-23T18:24:54.835+0100] {scheduler_job_runner.py:272} INFO - Exiting gracefully upon receiving signal 15
[2025-02-23T18:24:54.835+0100] {scheduler_job_runner.py:272} INFO - Exiting gracefully upon receiving signal 15
[2025-02-23T18:24:54.834+0100] {scheduler_job_runner.py:272} INFO - Exiting gracefully upon receiving signal 15
[2025-02-23T18:24:54.836+0100] {scheduler_job_runner.py:272} INFO - Exiting gracefully upon receiving signal 15
[2025-02-23T18:24:54.836+0100] {scheduler_job_runner.py:272} INFO - Exiting gracefully upon receiving signal 15
[2025-02-23T18:24:54.834+0100] {scheduler_job_runner.py:272} INFO - Exiting gracefully upon receiving signal 15
[2025-02-23T18:24:54.835+0100] {scheduler_job_runner.py:272} INFO - Exiting gracefully upon receiving signal 15
[2025-02-23T18:24:54.835+0100] {scheduler_job_runner.py:272} INFO - Exiting gracefully upon receiving signal 15
[2025-02-23T18:24:55.553+0100] {process_utils.py:132} INFO - Sending 15 to group 74411. PIDs of all processes in the group: []
[2025-02-23T18:24:55.554+0100] {process_utils.py:87} INFO - Sending the signal 15 to group 74411
[2025-02-23T18:24:55.555+0100] {process_utils.py:132} INFO - Sending 15 to group 75835. PIDs of all processes in the group: []
[2025-02-23T18:24:55.556+0100] {process_utils.py:87} INFO - Sending the signal 15 to group 75835
[2025-02-23T18:24:55.557+0100] {process_utils.py:101} INFO - Sending the signal 15 to process 74411 as process group is missing.
[2025-02-23T18:24:55.558+0100] {process_utils.py:101} INFO - Sending the signal 15 to process 75835 as process group is missing.
[2025-02-23T18:24:55.559+0100] {process_utils.py:132} INFO - Sending 15 to group 74411. PIDs of all processes in the group: []
[2025-02-23T18:24:55.560+0100] {process_utils.py:132} INFO - Sending 15 to group 75835. PIDs of all processes in the group: []
[2025-02-23T18:24:55.560+0100] {process_utils.py:87} INFO - Sending the signal 15 to group 74411
[2025-02-23T18:24:55.561+0100] {process_utils.py:87} INFO - Sending the signal 15 to group 75835
[2025-02-23T18:24:55.561+0100] {process_utils.py:101} INFO - Sending the signal 15 to process 74411 as process group is missing.
[2025-02-23T18:24:55.561+0100] {process_utils.py:101} INFO - Sending the signal 15 to process 75835 as process group is missing.
[2025-02-23T18:24:55.563+0100] {scheduler_job_runner.py:1029} INFO - Exited execute loop
[2025-02-23T18:24:55.563+0100] {scheduler_job_runner.py:1029} INFO - Exited execute loop
[2025-02-23T18:24:55.565+0100] {process_utils.py:132} INFO - Sending 15 to group 73922. PIDs of all processes in the group: []
[2025-02-23T18:24:55.566+0100] {process_utils.py:87} INFO - Sending the signal 15 to group 73922
[2025-02-23T18:24:55.568+0100] {process_utils.py:101} INFO - Sending the signal 15 to process 73922 as process group is missing.
[2025-02-23T18:24:55.571+0100] {process_utils.py:132} INFO - Sending 15 to group 73922. PIDs of all processes in the group: []
[2025-02-23T18:24:55.572+0100] {process_utils.py:87} INFO - Sending the signal 15 to group 73922
[2025-02-23T18:24:55.573+0100] {process_utils.py:101} INFO - Sending the signal 15 to process 73922 as process group is missing.
[2025-02-23T18:24:55.574+0100] {scheduler_job_runner.py:1029} INFO - Exited execute loop
[2025-02-23T18:24:55.609+0100] {process_utils.py:266} INFO - Waiting up to 5 seconds for processes to exit...
[2025-02-23T18:24:55.628+0100] {process_utils.py:132} INFO - Sending 15 to group 85725. PIDs of all processes in the group: []
[2025-02-23T18:24:55.629+0100] {process_utils.py:87} INFO - Sending the signal 15 to group 85725
[2025-02-23T18:24:55.629+0100] {process_utils.py:101} INFO - Sending the signal 15 to process 85725 as process group is missing.
[2025-02-23T18:24:55.630+0100] {process_utils.py:132} INFO - Sending 15 to group 85725. PIDs of all processes in the group: []
[2025-02-23T18:24:55.631+0100] {process_utils.py:87} INFO - Sending the signal 15 to group 85725
[2025-02-23T18:24:55.632+0100] {process_utils.py:101} INFO - Sending the signal 15 to process 85725 as process group is missing.
[2025-02-23T18:24:55.632+0100] {scheduler_job_runner.py:1029} INFO - Exited execute loop
[2025-02-23T18:24:55.682+0100] {process_utils.py:132} INFO - Sending 15 to group 59025. PIDs of all processes in the group: []
[2025-02-23T18:24:55.683+0100] {process_utils.py:87} INFO - Sending the signal 15 to group 59025
[2025-02-23T18:24:55.691+0100] {process_utils.py:101} INFO - Sending the signal 15 to process 59025 as process group is missing.
[2025-02-23T18:24:55.698+0100] {process_utils.py:132} INFO - Sending 15 to group 59025. PIDs of all processes in the group: []
[2025-02-23T18:24:55.699+0100] {process_utils.py:87} INFO - Sending the signal 15 to group 59025
[2025-02-23T18:24:55.699+0100] {process_utils.py:101} INFO - Sending the signal 15 to process 59025 as process group is missing.
[2025-02-23T18:24:55.700+0100] {scheduler_job_runner.py:1029} INFO - Exited execute loop
[2025-02-23T18:24:55.708+0100] {process_utils.py:132} INFO - Sending 15 to group 18558. PIDs of all processes in the group: []
[2025-02-23T18:24:55.715+0100] {process_utils.py:87} INFO - Sending the signal 15 to group 18558
[2025-02-23T18:24:55.719+0100] {process_utils.py:101} INFO - Sending the signal 15 to process 18558 as process group is missing.
[2025-02-23T18:24:55.723+0100] {process_utils.py:132} INFO - Sending 15 to group 18558. PIDs of all processes in the group: []
[2025-02-23T18:24:55.724+0100] {process_utils.py:87} INFO - Sending the signal 15 to group 18558
[2025-02-23T18:24:55.725+0100] {process_utils.py:101} INFO - Sending the signal 15 to process 18558 as process group is missing.
[2025-02-23T18:24:55.726+0100] {scheduler_job_runner.py:1029} INFO - Exited execute loop
[2025-02-23T18:24:55.888+0100] {process_utils.py:132} INFO - Sending 15 to group 20267. PIDs of all processes in the group: [20267]
[2025-02-23T18:24:55.890+0100] {process_utils.py:87} INFO - Sending the signal 15 to group 20267
[2025-02-23T18:24:55.928+0100] {process_utils.py:132} INFO - Sending 15 to group 55118. PIDs of all processes in the group: [55118]
[2025-02-23T18:24:55.934+0100] {process_utils.py:87} INFO - Sending the signal 15 to group 55118
[2025-02-23T18:24:55.928+0100] {process_utils.py:132} INFO - Sending 15 to group 55977. PIDs of all processes in the group: [55977]
[2025-02-23T18:24:55.960+0100] {process_utils.py:87} INFO - Sending the signal 15 to group 55977
[2025-02-23T18:24:56.897+0100] {process_utils.py:80} INFO - Process psutil.Process(pid=20267, status='terminated', exitcode=0, started='15:04:20') (20267) terminated with exit code 0
[2025-02-23T18:24:56.933+0100] {process_utils.py:132} INFO - Sending 15 to group 20267. PIDs of all processes in the group: []
[2025-02-23T18:24:56.938+0100] {process_utils.py:87} INFO - Sending the signal 15 to group 20267
[2025-02-23T18:24:56.943+0100] {process_utils.py:101} INFO - Sending the signal 15 to process 20267 as process group is missing.
[2025-02-23T18:24:56.962+0100] {scheduler_job_runner.py:1029} INFO - Exited execute loop
[2025-02-23T18:24:57.182+0100] {process_utils.py:80} INFO - Process psutil.Process(pid=55118, status='terminated', exitcode=0, started='17:15:26') (55118) terminated with exit code 0
[2025-02-23T18:24:57.220+0100] {process_utils.py:132} INFO - Sending 15 to group 55118. PIDs of all processes in the group: []
[2025-02-23T18:24:57.242+0100] {process_utils.py:87} INFO - Sending the signal 15 to group 55118
[2025-02-23T18:24:57.248+0100] {process_utils.py:101} INFO - Sending the signal 15 to process 55118 as process group is missing.
[2025-02-23T18:24:57.250+0100] {scheduler_job_runner.py:1029} INFO - Exited execute loop
[2025-02-23T18:24:57.349+0100] {process_utils.py:80} INFO - Process psutil.Process(pid=55977, status='terminated', exitcode=0, started='17:17:29') (55977) terminated with exit code 0
[2025-02-23T18:24:57.373+0100] {process_utils.py:132} INFO - Sending 15 to group 55977. PIDs of all processes in the group: []
[2025-02-23T18:24:57.374+0100] {process_utils.py:87} INFO - Sending the signal 15 to group 55977
[2025-02-23T18:24:57.378+0100] {process_utils.py:101} INFO - Sending the signal 15 to process 55977 as process group is missing.
[2025-02-23T18:24:57.381+0100] {scheduler_job_runner.py:1029} INFO - Exited execute loop
[2025-02-23T18:25:53.981+0100] {configuration.py:2112} INFO - Creating new FAB webserver config file in: /home/ohachi/data_pipeline_project/airflow/webserver_config.py
ERROR: You need to initialize the database. Please run `airflow db init`. Make sure the command is run using Airflow version 2.10.5.
  ____________       _____________
 ____    |__( )_________  __/__  /________      __
____  /| |_  /__  ___/_  /_ __  /_  __ \_ | /| / /
___  ___ |  / _  /   _  __/ _  / / /_/ /_ |/ |/ /
 _/_/  |_/_/  /_/    /_/    /_/  \____/____/|__/
[2025-02-23T18:25:57.490+0100] {executor_loader.py:258} INFO - Loaded executor: SequentialExecutor
[2025-02-23 18:25:57 +0100] [88670] [INFO] Starting gunicorn 23.0.0
[2025-02-23 18:25:57 +0100] [88670] [INFO] Listening at: http://[::]:8793 (88670)
[2025-02-23 18:25:57 +0100] [88670] [INFO] Using worker: sync
[2025-02-23T18:25:57.684+0100] {scheduler_job_runner.py:950} INFO - Starting the scheduler
[2025-02-23T18:25:57.686+0100] {scheduler_job_runner.py:957} INFO - Processing each file at most -1 times
[2025-02-23 18:25:57 +0100] [88671] [INFO] Booting worker with pid: 88671
[2025-02-23T18:25:57.697+0100] {manager.py:174} INFO - Launched DagFileProcessorManager with pid: 88672
[2025-02-23T18:25:57.701+0100] {scheduler_job_runner.py:1949} INFO - Adopting or resetting orphaned tasks for active dag runs
[2025-02-23T18:25:57.706+0100] {settings.py:63} INFO - Configured default timezone UTC
[2025-02-23T18:25:57.742+0100] {manager.py:406} WARNING - Because we cannot use more than 1 thread (parsing_processes = 2) when using sqlite. So we set parallelism to 1.
[2025-02-23 18:25:57 +0100] [88673] [INFO] Booting worker with pid: 88673
[2025-02-23T18:31:15.440+0100] {scheduler_job_runner.py:1949} INFO - Adopting or resetting orphaned tasks for active dag runs
[2025-02-23T18:36:31.441+0100] {scheduler_job_runner.py:1949} INFO - Adopting or resetting orphaned tasks for active dag runs
[2025-02-23T18:41:36.864+0100] {scheduler_job_runner.py:1949} INFO - Adopting or resetting orphaned tasks for active dag runs
[2025-02-23T18:46:37.193+0100] {scheduler_job_runner.py:1949} INFO - Adopting or resetting orphaned tasks for active dag runs
[2025-02-23T18:51:37.458+0100] {scheduler_job_runner.py:1949} INFO - Adopting or resetting orphaned tasks for active dag runs
[2025-02-23T18:56:37.713+0100] {scheduler_job_runner.py:1949} INFO - Adopting or resetting orphaned tasks for active dag runs
[2025-02-23T19:01:37.759+0100] {scheduler_job_runner.py:1949} INFO - Adopting or resetting orphaned tasks for active dag runs
[2025-02-23T19:06:37.906+0100] {scheduler_job_runner.py:1949} INFO - Adopting or resetting orphaned tasks for active dag runs
[2025-02-23T19:11:38.288+0100] {scheduler_job_runner.py:1949} INFO - Adopting or resetting orphaned tasks for active dag runs
[2025-02-23T19:16:38.412+0100] {scheduler_job_runner.py:1949} INFO - Adopting or resetting orphaned tasks for active dag runs
[2025-02-23T19:21:38.669+0100] {scheduler_job_runner.py:1949} INFO - Adopting or resetting orphaned tasks for active dag runs
[2025-02-23T19:26:38.946+0100] {scheduler_job_runner.py:1949} INFO - Adopting or resetting orphaned tasks for active dag runs
[2025-02-23T19:31:39.229+0100] {scheduler_job_runner.py:1949} INFO - Adopting or resetting orphaned tasks for active dag runs
[2025-02-23T19:36:39.384+0100] {scheduler_job_runner.py:1949} INFO - Adopting or resetting orphaned tasks for active dag runs
[2025-02-23T19:41:39.649+0100] {scheduler_job_runner.py:1949} INFO - Adopting or resetting orphaned tasks for active dag runs
[2025-02-23T19:46:39.933+0100] {scheduler_job_runner.py:1949} INFO - Adopting or resetting orphaned tasks for active dag runs
[2025-02-23T19:51:40.311+0100] {scheduler_job_runner.py:1949} INFO - Adopting or resetting orphaned tasks for active dag runs
[2025-02-23T19:56:40.386+0100] {scheduler_job_runner.py:1949} INFO - Adopting or resetting orphaned tasks for active dag runs
[2025-02-23T20:01:03.916+0100] {job.py:229} INFO - Heartbeat recovered after 35.44 seconds
[2025-02-23T20:01:40.555+0100] {scheduler_job_runner.py:1949} INFO - Adopting or resetting orphaned tasks for active dag runs
[2025-02-23T20:04:16.685+0100] {scheduler_job_runner.py:272} INFO - Exiting gracefully upon receiving signal 15
[2025-02-23T20:04:17.977+0100] {process_utils.py:132} INFO - Sending 15 to group 88672. PIDs of all processes in the group: [128273, 88672]
[2025-02-23T20:04:17.991+0100] {process_utils.py:87} INFO - Sending the signal 15 to group 88672
[2025-02-23T20:04:19.500+0100] {process_utils.py:266} INFO - Waiting up to 5 seconds for processes to exit...
[2025-02-23T20:04:19.565+0100] {process_utils.py:80} INFO - Process psutil.Process(pid=88672, status='terminated', exitcode=0, started='18:26:35') (88672) terminated with exit code 0
[2025-02-23T20:04:19.580+0100] {process_utils.py:80} INFO - Process psutil.Process(pid=128273, status='terminated', started='20:04:14') (128273) terminated with exit code None
[2025-02-23T20:04:19.601+0100] {process_utils.py:132} INFO - Sending 15 to group 88672. PIDs of all processes in the group: []
[2025-02-23T20:04:19.602+0100] {process_utils.py:87} INFO - Sending the signal 15 to group 88672
[2025-02-23T20:04:19.605+0100] {process_utils.py:101} INFO - Sending the signal 15 to process 88672 as process group is missing.
[2025-02-23T20:04:19.606+0100] {scheduler_job_runner.py:1029} INFO - Exited execute loop
[2025-02-23 20:04:19 +0100] [88670] [INFO] Handling signal: term
[2025-02-23 20:04:20 +0100] [88671] [INFO] Worker exiting (pid: 88671)
[2025-02-23 20:04:20 +0100] [88673] [INFO] Worker exiting (pid: 88673)
[2025-02-23 20:04:20 +0100] [88670] [INFO] Shutting down: Master
